Using pre-set license
Built from '2021.3/staging' branch; Version is '2021.3.19f1 (c9714fde33b6) revision 13201743'; Using compiler version '192829333'; Build Type 'Release'
OS: 'Windows 11  (10.0.22621) 64bit CoreSingleLanguage' Language: 'en' Physical Memory: 32428 MB
BatchMode: 1, IsHumanControllingUs: 0, StartBugReporterOnCrash: 0, Is64bit: 1, IsPro: 1

COMMAND LINE ARGUMENTS:
C:\Program Files\Unity\Hub\Editor\2021.3.19f1\Editor\Unity.exe
-adb2
-batchMode
-noUpm
-name
AssetImportWorker2
-projectPath
D:/Unity Project 2022 Course/Team_Geek_Navi
-logFile
Logs/AssetImportWorker2.log
-srvPort
55864
Successfully changed project path to: D:/Unity Project 2022 Course/Team_Geek_Navi
D:/Unity Project 2022 Course/Team_Geek_Navi
[UnityMemory] Configuration Parameters - Can be set up in boot.config
    "memorysetup-bucket-allocator-granularity=16"
    "memorysetup-bucket-allocator-bucket-count=8"
    "memorysetup-bucket-allocator-block-size=33554432"
    "memorysetup-bucket-allocator-block-count=8"
    "memorysetup-main-allocator-block-size=16777216"
    "memorysetup-thread-allocator-block-size=16777216"
    "memorysetup-gfx-main-allocator-block-size=16777216"
    "memorysetup-gfx-thread-allocator-block-size=16777216"
    "memorysetup-cache-allocator-block-size=4194304"
    "memorysetup-typetree-allocator-block-size=2097152"
    "memorysetup-profiler-bucket-allocator-granularity=16"
    "memorysetup-profiler-bucket-allocator-bucket-count=8"
    "memorysetup-profiler-bucket-allocator-block-size=33554432"
    "memorysetup-profiler-bucket-allocator-block-count=8"
    "memorysetup-profiler-allocator-block-size=16777216"
    "memorysetup-profiler-editor-allocator-block-size=1048576"
    "memorysetup-temp-allocator-size-main=16777216"
    "memorysetup-job-temp-allocator-block-size=2097152"
    "memorysetup-job-temp-allocator-block-size-background=1048576"
    "memorysetup-job-temp-allocator-reduction-small-platforms=262144"
    "memorysetup-temp-allocator-size-background-worker=32768"
    "memorysetup-temp-allocator-size-job-worker=262144"
    "memorysetup-temp-allocator-size-preload-manager=33554432"
    "memorysetup-temp-allocator-size-nav-mesh-worker=65536"
    "memorysetup-temp-allocator-size-audio-worker=65536"
    "memorysetup-temp-allocator-size-cloud-worker=32768"
    "memorysetup-temp-allocator-size-gi-baking-worker=262144"
    "memorysetup-temp-allocator-size-gfx=262144"
Player connection [25016] Host "[IP] 192.168.46.1 [Port] 0 [Flags] 2 [Guid] 2916625856 [EditorId] 2916625856 [Version] 1048832 [Id] WindowsEditor(7,LAPTOP-KB2GTHKJ) [Debug] 1 [PackageName] WindowsEditor [ProjectName] Editor" joined multi-casting on [225.0.0.222:54997]...

Player connection [25016] Host "[IP] 192.168.46.1 [Port] 0 [Flags] 2 [Guid] 2916625856 [EditorId] 2916625856 [Version] 1048832 [Id] WindowsEditor(7,LAPTOP-KB2GTHKJ) [Debug] 1 [PackageName] WindowsEditor [ProjectName] Editor" joined alternative multi-casting on [225.0.0.222:34997]...

Refreshing native plugins compatible for Editor in 66.83 ms, found 4 plugins.
Preloading 0 native plugins for Editor in 0.00 ms.
Initialize engine version: 2021.3.19f1 (c9714fde33b6)
[Subsystems] Discovering subsystems at path C:/Program Files/Unity/Hub/Editor/2021.3.19f1/Editor/Data/Resources/UnitySubsystems
[Subsystems] Discovering subsystems at path D:/Unity Project 2022 Course/Team_Geek_Navi/Assets
GfxDevice: creating device client; threaded=0; jobified=0
Direct3D:
    Version:  Direct3D 11.0 [level 11.1]
    Renderer: NVIDIA GeForce RTX 3070 Ti Laptop GPU (ID=0x24a0)
    Vendor:   NVIDIA
    VRAM:     8032 MB
    Driver:   31.0.15.2849
Initialize mono
Mono path[0] = 'C:/Program Files/Unity/Hub/Editor/2021.3.19f1/Editor/Data/Managed'
Mono path[1] = 'C:/Program Files/Unity/Hub/Editor/2021.3.19f1/Editor/Data/MonoBleedingEdge/lib/mono/unityjit-win32'
Mono config path = 'C:/Program Files/Unity/Hub/Editor/2021.3.19f1/Editor/Data/MonoBleedingEdge/etc'
Using monoOptions --debugger-agent=transport=dt_socket,embedding=1,server=y,suspend=n,address=127.0.0.1:56552
Begin MonoManager ReloadAssembly
Registering precompiled unity dll's ...
Register platform support module: C:/Program Files/Unity/Hub/Editor/2021.3.19f1/Editor/Data/PlaybackEngines/WebGLSupport/UnityEditor.WebGL.Extensions.dll
Register platform support module: C:/Program Files/Unity/Hub/Editor/2021.3.19f1/Editor/Data/PlaybackEngines/MacStandaloneSupport/UnityEditor.OSXStandalone.Extensions.dll
Register platform support module: C:/Program Files/Unity/Hub/Editor/2021.3.19f1/Editor/Data/PlaybackEngines/AndroidPlayer/UnityEditor.Android.Extensions.dll
Register platform support module: C:/Program Files/Unity/Hub/Editor/2021.3.19f1/Editor/Data/PlaybackEngines/iOSSupport/UnityEditor.iOS.Extensions.dll
Register platform support module: C:/Program Files/Unity/Hub/Editor/2021.3.19f1/Editor/Data/PlaybackEngines/AppleTVSupport/UnityEditor.AppleTV.Extensions.dll
Register platform support module: C:/Program Files/Unity/Hub/Editor/2021.3.19f1/Editor/Data/PlaybackEngines/WindowsStandaloneSupport/UnityEditor.WindowsStandalone.Extensions.dll
Register platform support module: C:/Program Files/Unity/Hub/Editor/2021.3.19f1/Editor/Data/PlaybackEngines/MetroSupport/UnityEditor.UWP.Extensions.dll
Registered in 0.008012 seconds.
Native extension for UWP target not found
Native extension for WindowsStandalone target not found
[usbmuxd] Start listen thread
[usbmuxd] Listen thread started
Native extension for AppleTV target not found
[usbmuxd] Start listen thread
[usbmuxd] Listen thread started
Native extension for iOS target not found
Native extension for Android target not found
Android Extension - Scanning For ADB Devices 474 ms
Native extension for OSXStandalone target not found
Native extension for WebGL target not found
Refreshing native plugins compatible for Editor in 56.35 ms, found 4 plugins.
Preloading 0 native plugins for Editor in 0.00 ms.
Mono: successfully reloaded assembly
- Completed reload, in  0.987 seconds
Domain Reload Profiling:
	ReloadAssembly (987ms)
		BeginReloadAssembly (64ms)
			ExecutionOrderSort (0ms)
			DisableScriptedObjects (0ms)
			BackupInstance (0ms)
			ReleaseScriptingObjects (0ms)
			CreateAndSetChildDomain (0ms)
		EndReloadAssembly (844ms)
			LoadAssemblies (63ms)
			RebuildTransferFunctionScriptingTraits (0ms)
			SetupTypeCache (79ms)
			ReleaseScriptCaches (0ms)
			RebuildScriptCaches (18ms)
			SetupLoadedEditorAssemblies (713ms)
				LogAssemblyErrors (0ms)
				InitializePlatformSupportModulesInManaged (571ms)
				SetLoadedEditorAssemblies (0ms)
				RefreshPlugins (56ms)
				BeforeProcessingInitializeOnLoad (1ms)
				ProcessInitializeOnLoadAttributes (56ms)
				ProcessInitializeOnLoadMethodAttributes (28ms)
				AfterProcessingInitializeOnLoad (0ms)
				EditorAssembliesLoaded (0ms)
			ExecutionOrderSort2 (0ms)
			AwakeInstancesAfterBackupRestoration (0ms)
Platform modules already initialized, skipping
Registering precompiled user dll's ...
Registered in 0.003732 seconds.
Begin MonoManager ReloadAssembly
Symbol file LoadedFromMemory doesn't match image D:\Unity Project 2022 Course\Team_Geek_Navi\Library\PackageCache\com.unity.visualscripting@1.8.0\Editor\VisualScripting.Core\Dependencies\YamlDotNet\Unity.VisualScripting.YamlDotNet.dll
Symbol file LoadedFromMemory doesn't match image D:\Unity Project 2022 Course\Team_Geek_Navi\Library\PackageCache\com.unity.visualscripting@1.8.0\Editor\VisualScripting.Core\Dependencies\DotNetZip\Unity.VisualScripting.IonicZip.dll
Native extension for UWP target not found
Native extension for WindowsStandalone target not found
Native extension for AppleTV target not found
Native extension for iOS target not found
Native extension for Android target not found
Native extension for OSXStandalone target not found
Native extension for WebGL target not found
Refreshing native plugins compatible for Editor in 55.53 ms, found 4 plugins.
Preloading 0 native plugins for Editor in 0.00 ms.
Mono: successfully reloaded assembly
- Completed reload, in  0.760 seconds
Domain Reload Profiling:
	ReloadAssembly (760ms)
		BeginReloadAssembly (79ms)
			ExecutionOrderSort (0ms)
			DisableScriptedObjects (4ms)
			BackupInstance (0ms)
			ReleaseScriptingObjects (0ms)
			CreateAndSetChildDomain (14ms)
		EndReloadAssembly (604ms)
			LoadAssemblies (66ms)
			RebuildTransferFunctionScriptingTraits (0ms)
			SetupTypeCache (154ms)
			ReleaseScriptCaches (0ms)
			RebuildScriptCaches (41ms)
			SetupLoadedEditorAssemblies (314ms)
				LogAssemblyErrors (0ms)
				InitializePlatformSupportModulesInManaged (24ms)
				SetLoadedEditorAssemblies (0ms)
				RefreshPlugins (56ms)
				BeforeProcessingInitializeOnLoad (54ms)
				ProcessInitializeOnLoadAttributes (149ms)
				ProcessInitializeOnLoadMethodAttributes (25ms)
				AfterProcessingInitializeOnLoad (6ms)
				EditorAssembliesLoaded (0ms)
			ExecutionOrderSort2 (0ms)
			AwakeInstancesAfterBackupRestoration (4ms)
Platform modules already initialized, skipping
========================================================================
Worker process is ready to serve import requests
Launched and connected shader compiler UnityShaderCompiler.exe after 0.05 seconds
Refreshing native plugins compatible for Editor in 0.47 ms, found 4 plugins.
Preloading 0 native plugins for Editor in 0.00 ms.
Unloading 3800 Unused Serialized files (Serialized files now loaded: 0)
Unloading 41 unused Assets / (229.3 KB). Loaded Objects now: 4260.
Memory consumption went from 146.9 MB to 146.6 MB.
Total: 2.796900 ms (FindLiveObjects: 0.188000 ms CreateObjectMapping: 0.092800 ms MarkObjects: 2.396900 ms  DeleteObjects: 0.118500 ms)

AssetImportParameters requested are different than current active one (requested -> active):
  custom:video-decoder-ogg-theora: a1e56fd34408186e4bbccfd4996cb3dc -> 
  custom:container-muxer-webm: aa71ff27fc2769a1b78a27578f13a17b -> 
  custom:container-demuxer-webm: 4f35f7cbe854078d1ac9338744f61a02 -> 
  custom:video-encoder-webm-vp8: eb34c28f22e8b96e1ab97ce403110664 -> 
  custom:video-codec-MediaFoundation-h265: 746d11721c4dcdbdad8f713fa42b33f4 -> 
  custom:audio-encoder-webm-vorbis: bf7c407c2cedff20999df2af8eb42d56 -> 
  custom:framework-win-MediaFoundation: 216162199b28c13a410421893ffa2e32 -> 
  custom:container-demuxer-ogg: 62fdf1f143b41e24485cea50d1cbac27 -> 
  custom:video-decoder-webm-vp8: 9c59270c3fd7afecdb556c50c9e8de78 -> 
  custom:audio-decoder-ogg-vorbis: bf7c407c2cedff20999df2af8eb42d56 -> 
========================================================================
Received Import Request.
  Time since last request: 109206.502892 seconds.
  path: Assets/Audio/Audio
  artifactKey: Guid(6510daa80cd4cb54cab395018f490ae0) Importer(815301076,1909f56bfc062723c751e8b465ee728b)
Start importing Assets/Audio/Audio using Guid(6510daa80cd4cb54cab395018f490ae0) Importer(815301076,1909f56bfc062723c751e8b465ee728b)  -> (artifact id: '17116ddb11dbd65a99c46a01c2ea2a08') in 0.006741 seconds 
========================================================================
Received Import Request.
  Time since last request: 0.276631 seconds.
  path: Assets/Audio/Audio/Death Effect.ogg
  artifactKey: Guid(4e568b724ea4e8742b394e14bc8ad177) Importer(815301076,1909f56bfc062723c751e8b465ee728b)
Start importing Assets/Audio/Audio/Death Effect.ogg using Guid(4e568b724ea4e8742b394e14bc8ad177) Importer(815301076,1909f56bfc062723c751e8b465ee728b)  -> (artifact id: '2a6b5b5c8e78f4bd51e9d5928788256d') in 0.063352 seconds 
========================================================================
Received Import Request.
  Time since last request: 0.079273 seconds.
  path: Assets/Audio/Audio/highUp.ogg
  artifactKey: Guid(9760dfb9b2ac4024ca3d7a9e1c06c870) Importer(815301076,1909f56bfc062723c751e8b465ee728b)
Start importing Assets/Audio/Audio/highUp.ogg using Guid(9760dfb9b2ac4024ca3d7a9e1c06c870) Importer(815301076,1909f56bfc062723c751e8b465ee728b)  -> (artifact id: 'e2198cd0abe3d6f42e16c738b64c2ea1') in 0.005984 seconds 
========================================================================
Received Import Request.
  Time since last request: 0.043414 seconds.
  path: Assets/Audio/Audio/laser2.ogg
  artifactKey: Guid(83a3047cf8495b74480a86bd95139e5e) Importer(815301076,1909f56bfc062723c751e8b465ee728b)
Start importing Assets/Audio/Audio/laser2.ogg using Guid(83a3047cf8495b74480a86bd95139e5e) Importer(815301076,1909f56bfc062723c751e8b465ee728b)  -> (artifact id: '08bea97eb33a53dbe1ea758a4311f97c') in 0.005459 seconds 
========================================================================
Received Import Request.
  Time since last request: 0.031567 seconds.
  path: Assets/Audio/Audio/laser6.ogg
  artifactKey: Guid(b8452361131570d4fb369b7965d04749) Importer(815301076,1909f56bfc062723c751e8b465ee728b)
Start importing Assets/Audio/Audio/laser6.ogg using Guid(b8452361131570d4fb369b7965d04749) Importer(815301076,1909f56bfc062723c751e8b465ee728b)  -> (artifact id: 'fba4405dbf30baec79d1019f29222a9a') in 0.004706 seconds 
========================================================================
Received Import Request.
  Time since last request: 0.000021 seconds.
  path: Assets/Audio/Audio/phaserDown2.ogg
  artifactKey: Guid(4734d57628630dd48972498b7cf3cd77) Importer(815301076,1909f56bfc062723c751e8b465ee728b)
Start importing Assets/Audio/Audio/phaserDown2.ogg using Guid(4734d57628630dd48972498b7cf3cd77) Importer(815301076,1909f56bfc062723c751e8b465ee728b)  -> (artifact id: 'ba01e3fa2248d4dba1a41b5c112001f1') in 0.007648 seconds 
========================================================================
Received Import Request.
  Time since last request: 0.000026 seconds.
  path: Assets/Audio/Audio/phaserUp7.ogg
  artifactKey: Guid(3f71db0503c1731418ba4352ab85933b) Importer(815301076,1909f56bfc062723c751e8b465ee728b)
Start importing Assets/Audio/Audio/phaserUp7.ogg using Guid(3f71db0503c1731418ba4352ab85933b) Importer(815301076,1909f56bfc062723c751e8b465ee728b)  -> (artifact id: '77fa07e1e5ecaab7f95b2f35c6275cc8') in 0.006888 seconds 
========================================================================
Received Import Request.
  Time since last request: 0.000021 seconds.
  path: Assets/Audio/Audio/pepSound4.ogg
  artifactKey: Guid(918db3b1efba17b468dbd65c89caf002) Importer(815301076,1909f56bfc062723c751e8b465ee728b)
Start importing Assets/Audio/Audio/pepSound4.ogg using Guid(918db3b1efba17b468dbd65c89caf002) Importer(815301076,1909f56bfc062723c751e8b465ee728b)  -> (artifact id: '39fe3f0f1b16d2306be2b682f2a69dc4') in 0.005741 seconds 
========================================================================
Received Import Request.
  Time since last request: 0.000031 seconds.
  path: Assets/Audio/Audio/phaserUp1.ogg
  artifactKey: Guid(62bdd314805d59c4e9cfbe0d7b070e58) Importer(815301076,1909f56bfc062723c751e8b465ee728b)
Start importing Assets/Audio/Audio/phaserUp1.ogg using Guid(62bdd314805d59c4e9cfbe0d7b070e58) Importer(815301076,1909f56bfc062723c751e8b465ee728b)  -> (artifact id: 'e1f127a8a456431229659975e20df629') in 0.005387 seconds 
========================================================================
Received Import Request.
  Time since last request: 0.000016 seconds.
  path: Assets/Audio/Audio/phaserUp3.ogg
  artifactKey: Guid(8cb6912fa256efb4887d50a2151a9728) Importer(815301076,1909f56bfc062723c751e8b465ee728b)
Start importing Assets/Audio/Audio/phaserUp3.ogg using Guid(8cb6912fa256efb4887d50a2151a9728) Importer(815301076,1909f56bfc062723c751e8b465ee728b)  -> (artifact id: '90755bd233094005e2fde9339305dd3d') in 0.004569 seconds 
========================================================================
Received Import Request.
  Time since last request: 0.000020 seconds.
  path: Assets/Audio/Audio/spaceTrash3.ogg
  artifactKey: Guid(450793b0c110ab7498a280ce241f3365) Importer(815301076,1909f56bfc062723c751e8b465ee728b)
Start importing Assets/Audio/Audio/spaceTrash3.ogg using Guid(450793b0c110ab7498a280ce241f3365) Importer(815301076,1909f56bfc062723c751e8b465ee728b)  -> (artifact id: 'b7b23b4fe697d45c8e886680834abb1e') in 0.005169 seconds 
========================================================================
Received Import Request.
  Time since last request: 0.000021 seconds.
  path: Assets/Audio/Audio/phaseJump5.ogg
  artifactKey: Guid(65ba648d18676bd4183c83f2282a056c) Importer(815301076,1909f56bfc062723c751e8b465ee728b)
Start importing Assets/Audio/Audio/phaseJump5.ogg using Guid(65ba648d18676bd4183c83f2282a056c) Importer(815301076,1909f56bfc062723c751e8b465ee728b)  -> (artifact id: 'c5ad7cf97e41bd1eea9c15ce71cfc3b2') in 0.005152 seconds 
========================================================================
Received Import Request.
  Time since last request: 0.000021 seconds.
  path: Assets/Audio/Audio/lowDown.ogg
  artifactKey: Guid(41090fa0c5c7d2f469059c9a108cea5a) Importer(815301076,1909f56bfc062723c751e8b465ee728b)
Start importing Assets/Audio/Audio/lowDown.ogg using Guid(41090fa0c5c7d2f469059c9a108cea5a) Importer(815301076,1909f56bfc062723c751e8b465ee728b)  -> (artifact id: '1b770ecb34bdcf366b003c1c050b0cf4') in 0.005258 seconds 
========================================================================
Received Import Request.
  Time since last request: 0.000021 seconds.
  path: Assets/Audio/Audio/phaseJump4.ogg
  artifactKey: Guid(112bb91360a47aa4bbde975bd7aaff31) Importer(815301076,1909f56bfc062723c751e8b465ee728b)
Start importing Assets/Audio/Audio/phaseJump4.ogg using Guid(112bb91360a47aa4bbde975bd7aaff31) Importer(815301076,1909f56bfc062723c751e8b465ee728b)  -> (artifact id: '1b7d5f0bb4d245ee83aa710c8a7f874e') in 0.006798 seconds 
========================================================================
Received Import Request.
  Time since last request: 0.000021 seconds.
  path: Assets/Audio/Audio/laser3.ogg
  artifactKey: Guid(cb8e53687de91e14f9c6baf99dc01291) Importer(815301076,1909f56bfc062723c751e8b465ee728b)
Start importing Assets/Audio/Audio/laser3.ogg using Guid(cb8e53687de91e14f9c6baf99dc01291) Importer(815301076,1909f56bfc062723c751e8b465ee728b)  -> (artifact id: '7cd74b6fcc5603f2613ad74fbbd29246') in 0.007208 seconds 
========================================================================
Received Import Request.
  Time since last request: 0.000019 seconds.
  path: Assets/Audio/Audio/Laser9 shortened.ogg
  artifactKey: Guid(436996c5324b8db40ac494af69da7546) Importer(815301076,1909f56bfc062723c751e8b465ee728b)
Start importing Assets/Audio/Audio/Laser9 shortened.ogg using Guid(436996c5324b8db40ac494af69da7546) Importer(815301076,1909f56bfc062723c751e8b465ee728b)  -> (artifact id: 'fe9ca71a52e627dd0b9a71650d498f59') in 0.004704 seconds 
========================================================================
Received Import Request.
  Time since last request: 0.000020 seconds.
  path: Assets/Audio/Audio/powerUp7.ogg
  artifactKey: Guid(d513febea8fc4834c9185547f61f43f3) Importer(815301076,1909f56bfc062723c751e8b465ee728b)
Start importing Assets/Audio/Audio/powerUp7.ogg using Guid(d513febea8fc4834c9185547f61f43f3) Importer(815301076,1909f56bfc062723c751e8b465ee728b)  -> (artifact id: 'ebd0d3160331245007f76a99cbbde7a5') in 0.006031 seconds 
========================================================================
Received Import Request.
  Time since last request: 0.000019 seconds.
  path: Assets/Audio/Audio/powerUp4.ogg
  artifactKey: Guid(be857c20a0f6dd449be583be4713b837) Importer(815301076,1909f56bfc062723c751e8b465ee728b)
Start importing Assets/Audio/Audio/powerUp4.ogg using Guid(be857c20a0f6dd449be583be4713b837) Importer(815301076,1909f56bfc062723c751e8b465ee728b)  -> (artifact id: '329380fef6042b7b1f45d157951cf701') in 0.005581 seconds 
========================================================================
Received Import Request.
  Time since last request: 0.000018 seconds.
  path: Assets/Audio/Audio/phaseJump3.ogg
  artifactKey: Guid(eb3ceb585554fee4e878c3b94279d00e) Importer(815301076,1909f56bfc062723c751e8b465ee728b)
Start importing Assets/Audio/Audio/phaseJump3.ogg using Guid(eb3ceb585554fee4e878c3b94279d00e) Importer(815301076,1909f56bfc062723c751e8b465ee728b)  -> (artifact id: 'dc806d8b7a29ba8fca1e98dd8f2e001a') in 0.005757 seconds 
========================================================================
Received Import Request.
  Time since last request: 0.000019 seconds.
  path: Assets/Audio/Audio/powerUp3.ogg
  artifactKey: Guid(4400537de2df2a44e8d7b01020d6c33b) Importer(815301076,1909f56bfc062723c751e8b465ee728b)
Start importing Assets/Audio/Audio/powerUp3.ogg using Guid(4400537de2df2a44e8d7b01020d6c33b) Importer(815301076,1909f56bfc062723c751e8b465ee728b)  -> (artifact id: '3f6902b4933d401452003733619c91aa') in 0.004854 seconds 
========================================================================
Received Import Request.
  Time since last request: 0.000018 seconds.
  path: Assets/Audio/Audio/powerUp10.ogg
  artifactKey: Guid(b539d972adbe95d4eb030ab68b4f16ab) Importer(815301076,1909f56bfc062723c751e8b465ee728b)
Start importing Assets/Audio/Audio/powerUp10.ogg using Guid(b539d972adbe95d4eb030ab68b4f16ab) Importer(815301076,1909f56bfc062723c751e8b465ee728b)  -> (artifact id: '42739e5916ca102d031512cba46744c6') in 0.005862 seconds 
========================================================================
Received Import Request.
  Time since last request: 0.000021 seconds.
  path: Assets/Audio/Audio/pepSound1.ogg
  artifactKey: Guid(f0eb772d0dc45e74cb5d24990d9a7766) Importer(815301076,1909f56bfc062723c751e8b465ee728b)
Start importing Assets/Audio/Audio/pepSound1.ogg using Guid(f0eb772d0dc45e74cb5d24990d9a7766) Importer(815301076,1909f56bfc062723c751e8b465ee728b)  -> (artifact id: '01c54813c9e2429607a42f7945343281') in 0.004488 seconds 
========================================================================
Received Import Request.
  Time since last request: 0.000012 seconds.
  path: Assets/Audio/Audio/laser1.ogg
  artifactKey: Guid(cbbb37f11ba677342809db3b124d0ec2) Importer(815301076,1909f56bfc062723c751e8b465ee728b)
Start importing Assets/Audio/Audio/laser1.ogg using Guid(cbbb37f11ba677342809db3b124d0ec2) Importer(815301076,1909f56bfc062723c751e8b465ee728b)  -> (artifact id: '00fdb2044d3d64c59ba82a6c329d44ec') in 0.004717 seconds 
========================================================================
Received Import Request.
  Time since last request: 0.000017 seconds.
  path: Assets/Audio/Audio/laser4.ogg
  artifactKey: Guid(34de0aa963d81764cbfa08408d63c79e) Importer(815301076,1909f56bfc062723c751e8b465ee728b)
Start importing Assets/Audio/Audio/laser4.ogg using Guid(34de0aa963d81764cbfa08408d63c79e) Importer(815301076,1909f56bfc062723c751e8b465ee728b)  -> (artifact id: '790b95cf2de792ca18f448b453db5f4b') in 0.005017 seconds 
========================================================================
Received Import Request.
  Time since last request: 0.000017 seconds.
  path: Assets/Audio/Audio/powerUp8.ogg
  artifactKey: Guid(74b85fb74c905984cafc354c57720fb8) Importer(815301076,1909f56bfc062723c751e8b465ee728b)
Start importing Assets/Audio/Audio/powerUp8.ogg using Guid(74b85fb74c905984cafc354c57720fb8) Importer(815301076,1909f56bfc062723c751e8b465ee728b)  -> (artifact id: '124f307aacbc9541d98cfd78d8519a69') in 0.005538 seconds 
========================================================================
Received Import Request.
  Time since last request: 0.000018 seconds.
  path: Assets/Audio/Audio/powerUp1.ogg
  artifactKey: Guid(04e70ac947caee84c84a241a07c5b29d) Importer(815301076,1909f56bfc062723c751e8b465ee728b)
Start importing Assets/Audio/Audio/powerUp1.ogg using Guid(04e70ac947caee84c84a241a07c5b29d) Importer(815301076,1909f56bfc062723c751e8b465ee728b)  -> (artifact id: 'c5f45e5ed5e8b8a6b9b1a63d6349646b') in 0.004634 seconds 
========================================================================
Received Import Request.
  Time since last request: 0.000024 seconds.
  path: Assets/Audio/Audio/phaseJump2.ogg
  artifactKey: Guid(b640356cb9ada1e4abe87a9830a8d95c) Importer(815301076,1909f56bfc062723c751e8b465ee728b)
Start importing Assets/Audio/Audio/phaseJump2.ogg using Guid(b640356cb9ada1e4abe87a9830a8d95c) Importer(815301076,1909f56bfc062723c751e8b465ee728b)  -> (artifact id: 'bc74170ca34b4e4a17221f5da2ebc2ee') in 0.004974 seconds 
========================================================================
Received Import Request.
  Time since last request: 0.470236 seconds.
  path: Assets/Audio/Audio/spaceTrash5.ogg
  artifactKey: Guid(d703acf999f3ba44f99ad18d8f6f6cbd) Importer(815301076,1909f56bfc062723c751e8b465ee728b)
Start importing Assets/Audio/Audio/spaceTrash5.ogg using Guid(d703acf999f3ba44f99ad18d8f6f6cbd) Importer(815301076,1909f56bfc062723c751e8b465ee728b)  -> (artifact id: '50d8270cbbba32bb1edf673911d3f888') in 0.004962 seconds 
========================================================================
Received Import Request.
  Time since last request: 0.000021 seconds.
  path: Assets/Audio/Audio/zapTwoTone2.ogg
  artifactKey: Guid(3bb73b73b2390b34abd63f839ab954c7) Importer(815301076,1909f56bfc062723c751e8b465ee728b)
Start importing Assets/Audio/Audio/zapTwoTone2.ogg using Guid(3bb73b73b2390b34abd63f839ab954c7) Importer(815301076,1909f56bfc062723c751e8b465ee728b)  -> (artifact id: '8f3bf860554e04535fe442bdfce1834d') in 0.009181 seconds 
========================================================================
Received Import Request.
  Time since last request: 0.000022 seconds.
  path: Assets/Audio/Audio/zapThreeToneUp.ogg
  artifactKey: Guid(0cf2354a6d7f5c64994833dff1ccdf75) Importer(815301076,1909f56bfc062723c751e8b465ee728b)
Start importing Assets/Audio/Audio/zapThreeToneUp.ogg using Guid(0cf2354a6d7f5c64994833dff1ccdf75) Importer(815301076,1909f56bfc062723c751e8b465ee728b)  -> (artifact id: 'c45e312d7dc390b336ac0982011a0347') in 0.005055 seconds 
========================================================================
Received Import Request.
  Time since last request: 0.000016 seconds.
  path: Assets/Audio/Audio/twoTone1.ogg
  artifactKey: Guid(c7c94cf5fd6ec2543accea591acd25fd) Importer(815301076,1909f56bfc062723c751e8b465ee728b)
Start importing Assets/Audio/Audio/twoTone1.ogg using Guid(c7c94cf5fd6ec2543accea591acd25fd) Importer(815301076,1909f56bfc062723c751e8b465ee728b)  -> (artifact id: '0c02f54c1bb3e4228fd35d0d2d9844e1') in 0.005707 seconds 
========================================================================
Received Import Request.
  Time since last request: 0.000020 seconds.
  path: Assets/Audio/Audio/twoTone2.ogg
  artifactKey: Guid(3491dd6507b8cc4459a27b3012b0c058) Importer(815301076,1909f56bfc062723c751e8b465ee728b)
Start importing Assets/Audio/Audio/twoTone2.ogg using Guid(3491dd6507b8cc4459a27b3012b0c058) Importer(815301076,1909f56bfc062723c751e8b465ee728b)  -> (artifact id: '1f60d49e8f6ec8564a3b3b9c13e942b4') in 0.005281 seconds 
========================================================================
Received Import Request.
  Time since last request: 0.000019 seconds.
  path: Assets/Audio/Audio/zap2.ogg
  artifactKey: Guid(c2333a4df7b98f84c8ca417fa29cdec6) Importer(815301076,1909f56bfc062723c751e8b465ee728b)
Start importing Assets/Audio/Audio/zap2.ogg using Guid(c2333a4df7b98f84c8ca417fa29cdec6) Importer(815301076,1909f56bfc062723c751e8b465ee728b)  -> (artifact id: '7f25dcbc3149f739b5d4f8b11d9b80e3') in 0.005069 seconds 
========================================================================
Received Prepare
Registering precompiled user dll's ...
Registered in 0.007501 seconds.
Begin MonoManager ReloadAssembly
Symbol file LoadedFromMemory doesn't match image D:\Unity Project 2022 Course\Team_Geek_Navi\Library\PackageCache\com.unity.visualscripting@1.8.0\Editor\VisualScripting.Core\Dependencies\YamlDotNet\Unity.VisualScripting.YamlDotNet.dll
Symbol file LoadedFromMemory doesn't match image D:\Unity Project 2022 Course\Team_Geek_Navi\Library\PackageCache\com.unity.visualscripting@1.8.0\Editor\VisualScripting.Core\Dependencies\DotNetZip\Unity.VisualScripting.IonicZip.dll
Native extension for UWP target not found
Native extension for WindowsStandalone target not found
Native extension for AppleTV target not found
Native extension for iOS target not found
Native extension for Android target not found
Native extension for OSXStandalone target not found
Native extension for WebGL target not found
Refreshing native plugins compatible for Editor in 0.69 ms, found 4 plugins.
Preloading 0 native plugins for Editor in 0.00 ms.
Mono: successfully reloaded assembly
- Completed reload, in  1.181 seconds
Domain Reload Profiling:
	ReloadAssembly (1182ms)
		BeginReloadAssembly (163ms)
			ExecutionOrderSort (0ms)
			DisableScriptedObjects (9ms)
			BackupInstance (0ms)
			ReleaseScriptingObjects (0ms)
			CreateAndSetChildDomain (40ms)
		EndReloadAssembly (881ms)
			LoadAssemblies (121ms)
			RebuildTransferFunctionScriptingTraits (0ms)
			SetupTypeCache (282ms)
			ReleaseScriptCaches (1ms)
			RebuildScriptCaches (51ms)
			SetupLoadedEditorAssemblies (386ms)
				LogAssemblyErrors (0ms)
				InitializePlatformSupportModulesInManaged (50ms)
				SetLoadedEditorAssemblies (0ms)
				RefreshPlugins (1ms)
				BeforeProcessingInitializeOnLoad (73ms)
				ProcessInitializeOnLoadAttributes (212ms)
				ProcessInitializeOnLoadMethodAttributes (38ms)
				AfterProcessingInitializeOnLoad (10ms)
				EditorAssembliesLoaded (0ms)
			ExecutionOrderSort2 (0ms)
			AwakeInstancesAfterBackupRestoration (10ms)
Platform modules already initialized, skipping
Refreshing native plugins compatible for Editor in 2.75 ms, found 4 plugins.
Preloading 0 native plugins for Editor in 0.00 ms.
Unloading 3782 Unused Serialized files (Serialized files now loaded: 0)
Unloading 28 unused Assets / (195.7 KB). Loaded Objects now: 4273.
Memory consumption went from 149.4 MB to 149.2 MB.
Total: 3.801100 ms (FindLiveObjects: 0.251300 ms CreateObjectMapping: 0.105700 ms MarkObjects: 3.290800 ms  DeleteObjects: 0.151900 ms)

AssetImportParameters requested are different than current active one (requested -> active):
  custom:video-decoder-ogg-theora: a1e56fd34408186e4bbccfd4996cb3dc -> 
  custom:container-muxer-webm: aa71ff27fc2769a1b78a27578f13a17b -> 
  custom:container-demuxer-webm: 4f35f7cbe854078d1ac9338744f61a02 -> 
  custom:video-encoder-webm-vp8: eb34c28f22e8b96e1ab97ce403110664 -> 
  custom:video-codec-MediaFoundation-h265: 746d11721c4dcdbdad8f713fa42b33f4 -> 
  custom:audio-encoder-webm-vorbis: bf7c407c2cedff20999df2af8eb42d56 -> 
  custom:framework-win-MediaFoundation: 216162199b28c13a410421893ffa2e32 -> 
  custom:container-demuxer-ogg: 62fdf1f143b41e24485cea50d1cbac27 -> 
  custom:video-decoder-webm-vp8: 9c59270c3fd7afecdb556c50c9e8de78 -> 
  custom:audio-decoder-ogg-vorbis: bf7c407c2cedff20999df2af8eb42d56 -> 
Editor requested this worker to shutdown with reason: Scaling down because of idle timeout
AssetImportWorker is now disconnected from the server
Process exiting
Exiting without the bug reporter. Application will terminate with return code 0